{"level":"info","message":"Server is running at http://localhost:5000","timestamp":"2025-10-29T06:54:38.359Z"}
{"code":"ENOTFOUND","hostname":"_mongodb._tcp.cluster0.fu6yjqn.mongodb.net","level":"error","message":"MongoDB connection error: querySrv ENOTFOUND _mongodb._tcp.cluster0.fu6yjqn.mongodb.net","stack":"Error: querySrv ENOTFOUND _mongodb._tcp.cluster0.fu6yjqn.mongodb.net\n    at QueryReqWrap.onresolve [as oncomplete] (node:internal/dns/promises:294:17)","syscall":"querySrv","timestamp":"2025-10-29T06:54:38.396Z"}
{"level":"info","message":"Server is running at http://localhost:5000","timestamp":"2025-10-29T06:54:57.972Z"}
{"code":"ENOTFOUND","hostname":"_mongodb._tcp.cluster0.fu6yjqn.mongodb.net","level":"error","message":"MongoDB connection error: querySrv ENOTFOUND _mongodb._tcp.cluster0.fu6yjqn.mongodb.net","stack":"Error: querySrv ENOTFOUND _mongodb._tcp.cluster0.fu6yjqn.mongodb.net\n    at QueryReqWrap.onresolve [as oncomplete] (node:internal/dns/promises:294:17)","syscall":"querySrv","timestamp":"2025-10-29T06:54:58.037Z"}
{"level":"info","message":"Server is running at http://localhost:5000","timestamp":"2025-10-29T06:56:28.559Z"}
{"level":"info","message":"MongoDB connected","timestamp":"2025-10-29T06:56:35.464Z"}
{"level":"info","message":"Server is running at http://localhost:5000","timestamp":"2025-10-29T06:57:39.391Z"}
{"level":"info","message":"MongoDB connected","timestamp":"2025-10-29T06:57:41.172Z"}
{"level":"info","message":"Server is running at http://localhost:5000","timestamp":"2025-10-29T07:10:08.389Z"}
{"level":"info","message":"MongoDB connected","timestamp":"2025-10-29T07:10:12.699Z"}
{"level":"info","message":"Server is running at http://localhost:5000","timestamp":"2025-10-29T07:19:50.139Z"}
{"level":"info","message":"MongoDB connected","timestamp":"2025-10-29T07:19:53.156Z"}
{"level":"info","message":"Server is running at http://localhost:5000","timestamp":"2025-10-29T07:36:28.517Z"}
{"level":"info","message":"MongoDB connected","timestamp":"2025-10-29T07:36:34.004Z"}
{"level":"info","message":"Server is running at http://localhost:5000","timestamp":"2025-10-29T07:38:19.212Z"}
{"level":"info","message":"MongoDB connected","timestamp":"2025-10-29T07:38:25.963Z"}
{"level":"info","message":"Server is running at http://localhost:5000","timestamp":"2025-10-29T08:06:37.075Z"}
{"level":"info","message":"MongoDB connected","timestamp":"2025-10-29T08:06:44.332Z"}
{"level":"info","message":"Server is running at http://localhost:5000","timestamp":"2025-10-29T08:07:16.809Z"}
{"level":"info","message":"MongoDB connected","timestamp":"2025-10-29T08:07:19.663Z"}
{"level":"info","message":"Server is running at http://localhost:5000","timestamp":"2025-10-29T08:11:43.174Z"}
{"level":"info","message":"MongoDB connected","timestamp":"2025-10-29T08:11:47.263Z"}
{"level":"error","message":"Google callback error: secretOrPrivateKey must have a value","stack":"Error: secretOrPrivateKey must have a value\n    at Object.module.exports [as sign] (C:\\Users\\pd307\\Videos\\CortexDesk\\backend\\node_modules\\jsonwebtoken\\sign.js:111:20)\n    at AuthService.generateRefreshToken (C:\\Users\\pd307\\Videos\\CortexDesk\\backend\\src\\services\\authService.ts:26:20)\n    at C:\\Users\\pd307\\Videos\\CortexDesk\\backend\\src\\controllers\\authController.ts:191:50\n    at Strategy.strategy.success (C:\\Users\\pd307\\Videos\\CortexDesk\\backend\\node_modules\\passport\\lib\\middleware\\authenticate.js:222:18)\n    at verified (C:\\Users\\pd307\\Videos\\CortexDesk\\backend\\node_modules\\passport-oauth2\\lib\\strategy.js:189:20)\n    at Strategy._verify (C:\\Users\\pd307\\Videos\\CortexDesk\\backend\\src\\config\\passport.ts:62:20)\n    at processTicksAndRejections (node:internal/process/task_queues:105:5)","timestamp":"2025-10-29T08:13:58.254Z"}
{"level":"info","message":"Server is running at http://localhost:5000","timestamp":"2025-10-29T08:18:58.699Z"}
{"level":"info","message":"MongoDB connected","timestamp":"2025-10-29T08:19:04.468Z"}
{"isOperational":true,"level":"error","message":"Access denied. No token provided. Access denied. No token provided.","stack":"Error: Access denied. No token provided.\n    at protect (C:\\Users\\pd307\\Videos\\CortexDesk\\backend\\src\\middlewares\\authMiddleware.ts:24:19)\n    at Layer.handle [as handle_request] (C:\\Users\\pd307\\Videos\\CortexDesk\\backend\\node_modules\\express\\lib\\router\\layer.js:95:5)\n    at next (C:\\Users\\pd307\\Videos\\CortexDesk\\backend\\node_modules\\express\\lib\\router\\route.js:149:13)\n    at Route.dispatch (C:\\Users\\pd307\\Videos\\CortexDesk\\backend\\node_modules\\express\\lib\\router\\route.js:119:3)\n    at Layer.handle [as handle_request] (C:\\Users\\pd307\\Videos\\CortexDesk\\backend\\node_modules\\express\\lib\\router\\layer.js:95:5)\n    at C:\\Users\\pd307\\Videos\\CortexDesk\\backend\\node_modules\\express\\lib\\router\\index.js:284:15\n    at router.process_params (C:\\Users\\pd307\\Videos\\CortexDesk\\backend\\node_modules\\express\\lib\\router\\index.js:346:12)\n    at next (C:\\Users\\pd307\\Videos\\CortexDesk\\backend\\node_modules\\express\\lib\\router\\index.js:280:10)\n    at router.handle (C:\\Users\\pd307\\Videos\\CortexDesk\\backend\\node_modules\\express\\lib\\router\\index.js:175:3)\n    at router (C:\\Users\\pd307\\Videos\\CortexDesk\\backend\\node_modules\\express\\lib\\router\\index.js:47:12)\n    at Layer.handle [as handle_request] (C:\\Users\\pd307\\Videos\\CortexDesk\\backend\\node_modules\\express\\lib\\router\\layer.js:95:5)\n    at trim_prefix (C:\\Users\\pd307\\Videos\\CortexDesk\\backend\\node_modules\\express\\lib\\router\\index.js:328:13)\n    at C:\\Users\\pd307\\Videos\\CortexDesk\\backend\\node_modules\\express\\lib\\router\\index.js:286:9\n    at router.process_params (C:\\Users\\pd307\\Videos\\CortexDesk\\backend\\node_modules\\express\\lib\\router\\index.js:346:12)\n    at next (C:\\Users\\pd307\\Videos\\CortexDesk\\backend\\node_modules\\express\\lib\\router\\index.js:280:10)\n    at cors (C:\\Users\\pd307\\Videos\\CortexDesk\\backend\\node_modules\\cors\\lib\\index.js:188:7)","statusCode":401,"timestamp":"2025-10-29T08:19:29.188Z"}
{"isOperational":true,"level":"error","message":"Access denied. No token provided. Access denied. No token provided.","stack":"Error: Access denied. No token provided.\n    at protect (C:\\Users\\pd307\\Videos\\CortexDesk\\backend\\src\\middlewares\\authMiddleware.ts:24:19)\n    at Layer.handle [as handle_request] (C:\\Users\\pd307\\Videos\\CortexDesk\\backend\\node_modules\\express\\lib\\router\\layer.js:95:5)\n    at next (C:\\Users\\pd307\\Videos\\CortexDesk\\backend\\node_modules\\express\\lib\\router\\route.js:149:13)\n    at Route.dispatch (C:\\Users\\pd307\\Videos\\CortexDesk\\backend\\node_modules\\express\\lib\\router\\route.js:119:3)\n    at Layer.handle [as handle_request] (C:\\Users\\pd307\\Videos\\CortexDesk\\backend\\node_modules\\express\\lib\\router\\layer.js:95:5)\n    at C:\\Users\\pd307\\Videos\\CortexDesk\\backend\\node_modules\\express\\lib\\router\\index.js:284:15\n    at router.process_params (C:\\Users\\pd307\\Videos\\CortexDesk\\backend\\node_modules\\express\\lib\\router\\index.js:346:12)\n    at next (C:\\Users\\pd307\\Videos\\CortexDesk\\backend\\node_modules\\express\\lib\\router\\index.js:280:10)\n    at router.handle (C:\\Users\\pd307\\Videos\\CortexDesk\\backend\\node_modules\\express\\lib\\router\\index.js:175:3)\n    at router (C:\\Users\\pd307\\Videos\\CortexDesk\\backend\\node_modules\\express\\lib\\router\\index.js:47:12)\n    at Layer.handle [as handle_request] (C:\\Users\\pd307\\Videos\\CortexDesk\\backend\\node_modules\\express\\lib\\router\\layer.js:95:5)\n    at trim_prefix (C:\\Users\\pd307\\Videos\\CortexDesk\\backend\\node_modules\\express\\lib\\router\\index.js:328:13)\n    at C:\\Users\\pd307\\Videos\\CortexDesk\\backend\\node_modules\\express\\lib\\router\\index.js:286:9\n    at router.process_params (C:\\Users\\pd307\\Videos\\CortexDesk\\backend\\node_modules\\express\\lib\\router\\index.js:346:12)\n    at next (C:\\Users\\pd307\\Videos\\CortexDesk\\backend\\node_modules\\express\\lib\\router\\index.js:280:10)\n    at cors (C:\\Users\\pd307\\Videos\\CortexDesk\\backend\\node_modules\\cors\\lib\\index.js:188:7)","statusCode":401,"timestamp":"2025-10-29T08:19:49.485Z"}
{"isOperational":true,"level":"error","message":"Access denied. No token provided. Access denied. No token provided.","stack":"Error: Access denied. No token provided.\n    at protect (C:\\Users\\pd307\\Videos\\CortexDesk\\backend\\src\\middlewares\\authMiddleware.ts:24:19)\n    at Layer.handle [as handle_request] (C:\\Users\\pd307\\Videos\\CortexDesk\\backend\\node_modules\\express\\lib\\router\\layer.js:95:5)\n    at next (C:\\Users\\pd307\\Videos\\CortexDesk\\backend\\node_modules\\express\\lib\\router\\route.js:149:13)\n    at Route.dispatch (C:\\Users\\pd307\\Videos\\CortexDesk\\backend\\node_modules\\express\\lib\\router\\route.js:119:3)\n    at Layer.handle [as handle_request] (C:\\Users\\pd307\\Videos\\CortexDesk\\backend\\node_modules\\express\\lib\\router\\layer.js:95:5)\n    at C:\\Users\\pd307\\Videos\\CortexDesk\\backend\\node_modules\\express\\lib\\router\\index.js:284:15\n    at router.process_params (C:\\Users\\pd307\\Videos\\CortexDesk\\backend\\node_modules\\express\\lib\\router\\index.js:346:12)\n    at next (C:\\Users\\pd307\\Videos\\CortexDesk\\backend\\node_modules\\express\\lib\\router\\index.js:280:10)\n    at router.handle (C:\\Users\\pd307\\Videos\\CortexDesk\\backend\\node_modules\\express\\lib\\router\\index.js:175:3)\n    at router (C:\\Users\\pd307\\Videos\\CortexDesk\\backend\\node_modules\\express\\lib\\router\\index.js:47:12)\n    at Layer.handle [as handle_request] (C:\\Users\\pd307\\Videos\\CortexDesk\\backend\\node_modules\\express\\lib\\router\\layer.js:95:5)\n    at trim_prefix (C:\\Users\\pd307\\Videos\\CortexDesk\\backend\\node_modules\\express\\lib\\router\\index.js:328:13)\n    at C:\\Users\\pd307\\Videos\\CortexDesk\\backend\\node_modules\\express\\lib\\router\\index.js:286:9\n    at router.process_params (C:\\Users\\pd307\\Videos\\CortexDesk\\backend\\node_modules\\express\\lib\\router\\index.js:346:12)\n    at next (C:\\Users\\pd307\\Videos\\CortexDesk\\backend\\node_modules\\express\\lib\\router\\index.js:280:10)\n    at cors (C:\\Users\\pd307\\Videos\\CortexDesk\\backend\\node_modules\\cors\\lib\\index.js:188:7)","statusCode":401,"timestamp":"2025-10-29T08:22:18.997Z"}
{"level":"info","message":"Server is running at http://localhost:5000","timestamp":"2025-10-29T08:30:03.706Z"}
{"level":"info","message":"MongoDB connected","timestamp":"2025-10-29T08:30:09.549Z"}
{"level":"info","message":"Server is running at http://localhost:5000","timestamp":"2025-10-29T08:30:55.788Z"}
{"level":"info","message":"MongoDB connected","timestamp":"2025-10-29T08:30:57.687Z"}
{"level":"info","message":"Server is running at http://localhost:5000","timestamp":"2025-10-29T08:43:06.294Z"}
{"level":"info","message":"MongoDB connected","timestamp":"2025-10-29T08:43:10.687Z"}
{"level":"info","message":"Server is running at http://localhost:5000","timestamp":"2025-10-29T14:23:55.693Z"}
{"level":"info","message":"MongoDB connected","timestamp":"2025-10-29T14:24:02.927Z"}
{"level":"info","message":"Server is running at http://localhost:5000","timestamp":"2025-10-29T14:29:12.722Z"}
{"level":"info","message":"MongoDB connected","timestamp":"2025-10-29T14:29:18.981Z"}
{"level":"info","message":"Server is running at http://localhost:5000","timestamp":"2025-10-29T14:30:17.667Z"}
{"level":"info","message":"MongoDB connected","timestamp":"2025-10-29T14:30:19.730Z"}
